<?xml version="1.0" encoding="UTF-8" standalone="yes"?>
<ns2:test-suite start="1516916358369" stop="1516916380423" version="1.5.2" xmlns:ns2="urn:model.allure.qatools.yandex.ru">
    <name>Default Suite : AutoTestLK</name>
    <title>Default Suite : AutoTestLK</title>
    <test-cases>
        <test-case start="1516916366374" stop="1516916379331" status="failed">
            <name>differentElementsTest</name>
            <failure>
                <message>ElementNotFound: Element not found {.colors}
Expected: exist</message>
                <stack-trace>Element not found {.colors}
Expected: exist
Screenshot: file:/D:/Users/Елизавета/IdeaProjects/AutoTestLK/build/reports/tests/1516916378932.0.png
Page source: file:/D:/Users/Елизавета/IdeaProjects/AutoTestLK/build/reports/tests/1516916378932.0.html
Timeout: 6 s.
Caused by: support.ui.UnexpectedTagNameException: Element should have been "select" but was "div"
	at com.codeborne.selenide.impl.WebElementSource.createElementNotFoundError(WebElementSource.java:31)
	at com.codeborne.selenide.impl.ElementFinder.createElementNotFoundError(ElementFinder.java:82)
	at com.codeborne.selenide.impl.SelenideElementProxy.dispatchAndRetry(SelenideElementProxy.java:116)
	at com.codeborne.selenide.impl.SelenideElementProxy.invoke(SelenideElementProxy.java:63)
	at com.sun.proxy.$Proxy9.selectOption(Unknown Source)
	at pageObjects.DifferentElementsPageSelenide.selectDropDown(DifferentElementsPageSelenide.java:63)
	at hw4.SelenideTest.differentElementsTest(SelenideTest.java:69)
	at sun.reflect.NativeMethodAccessorImpl.invoke0(Native Method)
	at sun.reflect.NativeMethodAccessorImpl.invoke(NativeMethodAccessorImpl.java:62)
	at sun.reflect.DelegatingMethodAccessorImpl.invoke(DelegatingMethodAccessorImpl.java:43)
	at java.lang.reflect.Method.invoke(Method.java:497)
	at org.testng.internal.MethodInvocationHelper.invokeMethod(MethodInvocationHelper.java:124)
	at org.testng.internal.Invoker.invokeMethod(Invoker.java:571)
	at org.testng.internal.Invoker.invokeTestMethod(Invoker.java:707)
	at org.testng.internal.Invoker.invokeTestMethods(Invoker.java:979)
	at org.testng.internal.TestMethodWorker.invokeTestMethods(TestMethodWorker.java:125)
	at org.testng.internal.TestMethodWorker.run(TestMethodWorker.java:109)
	at org.testng.TestRunner.privateRun(TestRunner.java:648)
	at org.testng.TestRunner.run(TestRunner.java:505)
	at org.testng.SuiteRunner.runTest(SuiteRunner.java:455)
	at org.testng.SuiteRunner.runSequentially(SuiteRunner.java:450)
	at org.testng.SuiteRunner.privateRun(SuiteRunner.java:415)
	at org.testng.SuiteRunner.run(SuiteRunner.java:364)
	at org.testng.SuiteRunnerWorker.runSuite(SuiteRunnerWorker.java:52)
	at org.testng.SuiteRunnerWorker.run(SuiteRunnerWorker.java:84)
	at org.testng.TestNG.runSuitesSequentially(TestNG.java:1187)
	at org.testng.TestNG.runSuitesLocally(TestNG.java:1116)
	at org.testng.TestNG.runSuites(TestNG.java:1028)
	at org.testng.TestNG.run(TestNG.java:996)
	at org.testng.IDEARemoteTestNG.run(IDEARemoteTestNG.java:72)
	at org.testng.RemoteTestNGStarter.main(RemoteTestNGStarter.java:123)
Caused by: org.openqa.selenium.support.ui.UnexpectedTagNameException: Element should have been "select" but was "div"
Build info: version: '3.8.1', revision: '6e95a6684b', time: '2017-12-01T18:33:54.468Z'
System info: host: 'ЕЛИЗАВЕТА-ПК', ip: '192.168.56.1', os.name: 'Windows 7', os.arch: 'x86', os.version: '6.1', java.version: '1.8.0_45'
Driver info: driver.version: unknown
	at org.openqa.selenium.support.ui.Select.&lt;init&gt;(Select.java:47)
	at com.codeborne.selenide.commands.SelectOptionByTextOrIndex.selectOptionsByTexts(SelectOptionByTextOrIndex.java:24)
	at com.codeborne.selenide.commands.SelectOptionByTextOrIndex.execute(SelectOptionByTextOrIndex.java:15)
	at com.codeborne.selenide.commands.SelectOptionByTextOrIndex.execute(SelectOptionByTextOrIndex.java:11)
	at com.codeborne.selenide.commands.Commands.execute(Commands.java:144)
	at com.codeborne.selenide.impl.SelenideElementProxy.dispatchAndRetry(SelenideElementProxy.java:87)
	... 28 more
</stack-trace>
            </failure>
            <steps>
                <step start="1516916366406" stop="1516916367824" status="passed">
                    <name>open[ChromeDriver: chrome on XP (cfb9bbac5d55122cddf12464d2e1773c)]</name>
                </step>
                <step start="1516916367857" stop="1516916367863" status="passed">
                    <name>checkPageTitle[Index Page]</name>
                </step>
                <step start="1516916367864" stop="1516916368502" status="passed">
                    <name>login[epam, 1234]</name>
                </step>
                <step start="1516916368503" stop="1516916368583" status="passed">
                    <name>checkUserName[PITER CHAILOVSKII]</name>
                </step>
                <step start="1516916368584" stop="1516916369454" status="passed">
                    <name>checkInterfaceIndexPage[[To include good practices and ideas from successful EPAM projec, To be flexible and customizabl...]</name>
                </step>
                <step start="1516916369455" stop="1516916370400" status="passed">
                    <name>checkButtonServiceTop[[SUPPORT, DATES, COMPLEX TABLE, SIMPLE TABLE, TABLE WITH PAGES, DIFFERENT ELEMENTS]]</name>
                </step>
                <step start="1516916370401" stop="1516916370555" status="passed">
                    <name>checkButtonServiceLeft[[SUPPORT, DATES, COMPLEX TABLE, SIMPLE TABLE, TABLE WITH PAGES, DIFFERENT ELEMENTS]]</name>
                </step>
                <step start="1516916370556" stop="1516916371443" status="passed">
                    <name>openDifferentElementsPage[ChromeDriver: chrome on XP (cfb9bbac5d55122cddf12464d2e1773c)]</name>
                </step>
                <step start="1516916371444" stop="1516916372263" status="passed">
                    <name>checkInterfaceDifferentElements</name>
                </step>
                <step start="1516916372264" stop="1516916372264" status="passed">
                    <name>selectCheckBoxes[Water, Wind]</name>
                </step>
                <step start="1516916372264" stop="1516916372578" status="passed">
                    <name>selectRadio[Selen]</name>
                </step>
                <step start="1516916372579" stop="1516916379318" status="failed">
                    <name>selectDropDown[Yellow]</name>
                </step>
            </steps>
            <attachments/>
            <labels>
                <label name="testSuite" value="Default Suite"/>
                <label name="testGroup" value="AutoTestLK"/>
                <label name="testClass" value="hw4.SelenideTest"/>
                <label name="testMethod" value="differentElementsTest"/>
                <label name="host" value="Елизавета-ПК"/>
                <label name="thread" value="10092@Елизавета-ПК.main(1)"/>
            </labels>
        </test-case>
    </test-cases>
    <labels>
        <label name="framework" value="TestNG"/>
        <label name="language" value="JAVA"/>
    </labels>
</ns2:test-suite>
