<?xml version="1.0" encoding="UTF-8" standalone="yes"?>
<ns2:test-suite start="1517517439649" stop="1517517461790" version="1.5.4" xmlns:ns2="urn:model.allure.qatools.yandex.ru">
    <name>Default Suite : AutoTestLK</name>
    <title>Default Suite : AutoTestLK</title>
    <test-cases>
        <test-case start="1517517439742" stop="1517517461774" status="broken">
            <name>loginTest</name>
            <failure>
                <message>RuntimeException: java.lang.AssertionError: Do action Clear Options failed. Can't get result. Reason: java.lang.AssertionError: Can't get option. No optionsNamesLocator and allLabelsLocator found</message>
                <stack-trace>java.lang.RuntimeException: java.lang.AssertionError: Do action Clear Options failed. Can't get result. Reason: java.lang.AssertionError: Can't get option. No optionsNamesLocator and allLabelsLocator found
	at com.epam.commons.Timer.wait(Timer.java:128)
	at com.epam.commons.Timer.alwaysDoneAction(Timer.java:90)
	at com.epam.jdi.uitests.web.selenium.elements.actions.ActionInvoker.doJAction(ActionInvoker.java:73)
	at com.epam.jdi.uitests.web.selenium.elements.actions.ActionInvoker.doJAction(ActionInvoker.java:69)
	at com.epam.jdi.uitests.web.selenium.elements.complex.MultiSelector.clear(MultiSelector.java:275)
	at com.epam.jdi.uitests.web.selenium.elements.complex.MultiSelector.check(MultiSelector.java:185)
	at siteJDI.pages.MetalsColorsPage.lambda$fillDataMetalsColorsPage$0(MetalsColorsPage.java:53)
	at siteJDI.pages.MetalsColorsPage$$Lambda$207/18716632.accept(Unknown Source)
	at java.util.Spliterators$ArraySpliterator.forEachRemaining(Spliterators.java:948)
	at java.util.stream.ReferencePipeline$Head.forEachOrdered(ReferencePipeline.java:590)
	at siteJDI.pages.MetalsColorsPage.fillDataMetalsColorsPage(MetalsColorsPage.java:53)
	at hw7.JDITest.loginTest(JDITest.java:29)
	at sun.reflect.NativeMethodAccessorImpl.invoke0(Native Method)
	at sun.reflect.NativeMethodAccessorImpl.invoke(NativeMethodAccessorImpl.java:62)
	at sun.reflect.DelegatingMethodAccessorImpl.invoke(DelegatingMethodAccessorImpl.java:43)
	at java.lang.reflect.Method.invoke(Method.java:497)
	at org.testng.internal.MethodInvocationHelper.invokeMethod(MethodInvocationHelper.java:124)
	at org.testng.internal.Invoker.invokeMethod(Invoker.java:571)
	at org.testng.internal.Invoker.invokeTestMethod(Invoker.java:707)
	at org.testng.internal.Invoker.invokeTestMethods(Invoker.java:979)
	at org.testng.internal.TestMethodWorker.invokeTestMethods(TestMethodWorker.java:125)
	at org.testng.internal.TestMethodWorker.run(TestMethodWorker.java:109)
	at org.testng.TestRunner.privateRun(TestRunner.java:648)
	at org.testng.TestRunner.run(TestRunner.java:505)
	at org.testng.SuiteRunner.runTest(SuiteRunner.java:455)
	at org.testng.SuiteRunner.runSequentially(SuiteRunner.java:450)
	at org.testng.SuiteRunner.privateRun(SuiteRunner.java:415)
	at org.testng.SuiteRunner.run(SuiteRunner.java:364)
	at org.testng.SuiteRunnerWorker.runSuite(SuiteRunnerWorker.java:52)
	at org.testng.SuiteRunnerWorker.run(SuiteRunnerWorker.java:84)
	at org.testng.TestNG.runSuitesSequentially(TestNG.java:1187)
	at org.testng.TestNG.runSuitesLocally(TestNG.java:1116)
	at org.testng.TestNG.runSuites(TestNG.java:1028)
	at org.testng.TestNG.run(TestNG.java:996)
	at org.testng.IDEARemoteTestNG.run(IDEARemoteTestNG.java:72)
	at org.testng.RemoteTestNGStarter.main(RemoteTestNGStarter.java:123)
Caused by: java.lang.AssertionError: Do action Clear Options failed. Can't get result. Reason: java.lang.AssertionError: Can't get option. No optionsNamesLocator and allLabelsLocator found
	at org.testng.Assert.fail(Assert.java:96)
	at com.epam.web.matcher.testng.Check$$Lambda$208/26715551.accept(Unknown Source)
	at com.epam.web.matcher.base.BaseMatcher.assertException(BaseMatcher.java:197)
	at com.epam.web.matcher.base.BaseMatcher.exception(BaseMatcher.java:185)
	at com.epam.jdi.uitests.web.selenium.elements.actions.ActionScenrios.lambda$null$1(ActionScenrios.java:54)
	at com.epam.jdi.uitests.web.selenium.elements.actions.ActionScenrios$$Lambda$47/5494641.invoke(Unknown Source)
	at com.epam.jdi.uitests.core.logger.JDILogger.lambda$logOff$0(JDILogger.java:34)
	at com.epam.jdi.uitests.core.logger.JDILogger$$Lambda$48/11907554.invoke(Unknown Source)
	at com.epam.jdi.uitests.core.logger.JDILogger.logOff(JDILogger.java:43)
	at com.epam.jdi.uitests.core.logger.JDILogger.logOff(JDILogger.java:34)
	at com.epam.jdi.uitests.web.selenium.elements.actions.ActionScenrios.lambda$static$2(ActionScenrios.java:47)
	at com.epam.jdi.uitests.web.selenium.elements.actions.ActionScenrios$$Lambda$38/3763484.invoke(Unknown Source)
	at com.epam.jdi.uitests.web.selenium.elements.actions.ActionScenrios.actionScenario(ActionScenrios.java:60)
	at com.epam.jdi.uitests.web.selenium.elements.actions.ActionInvoker.lambda$doJAction$0(ActionInvoker.java:75)
	at com.epam.jdi.uitests.web.selenium.elements.actions.ActionInvoker$$Lambda$45/4682581.invoke(Unknown Source)
	at com.epam.commons.Timer.lambda$alwaysDoneAction$1(Timer.java:91)
	at com.epam.commons.Timer$$Lambda$46/25646395.getAsBoolean(Unknown Source)
	at com.epam.commons.Timer.wait(Timer.java:123)
	... 35 more
</stack-trace>
            </failure>
            <steps>
                <step start="1517517448294" stop="1517517448893" status="passed">
                    <name>login</name>
                    <steps>
                        <step start="1517517448449" stop="1517517448893" status="passed">
                            <name>loginAs[User{name:epam;password:1234}]</name>
                            <steps>
                                <step start="1517517448451" stop="1517517448893" status="passed">
                                    <name>login[User{name:epam;password:1234}]</name>
                                </step>
                            </steps>
                        </step>
                    </steps>
                </step>
                <step start="1517517448902" stop="1517517448909" status="passed">
                    <name>check</name>
                </step>
                <step start="1517517448911" stop="1517517448917" status="passed">
                    <name>check</name>
                </step>
                <step start="1517517448917" stop="1517517448917" status="passed">
                    <name>Check that condition 'true' is True</name>
                </step>
                <step start="1517517449463" stop="1517517449472" status="passed">
                    <name>check</name>
                </step>
                <step start="1517517449473" stop="1517517449477" status="passed">
                    <name>check</name>
                </step>
                <step start="1517517449477" stop="1517517449477" status="passed">
                    <name>Check that condition 'true' is True</name>
                </step>
                <step start="1517517449479" stop="1517517461758" status="broken">
                    <name>fillDataMetalsColorsPage[THREE, EIGHT, WATER, FIRE, RED, SELEN, [CUCUMBER, TOMATO]]</name>
                </step>
            </steps>
            <attachments/>
            <labels>
                <label name="testSuite" value="Default Suite"/>
                <label name="testGroup" value="AutoTestLK"/>
                <label name="testClass" value="hw7.JDITest"/>
                <label name="testMethod" value="loginTest"/>
                <label name="host" value="Елизавета-ПК"/>
                <label name="thread" value="1804@Елизавета-ПК.main(1)"/>
            </labels>
        </test-case>
    </test-cases>
    <labels>
        <label name="framework" value="TestNG"/>
        <label name="language" value="JAVA"/>
    </labels>
</ns2:test-suite>
