<?xml version="1.0" encoding="UTF-8" standalone="yes"?>
<ns2:test-suite start="1516755318627" stop="1516755339626" version="1.5.2" xmlns:ns2="urn:model.allure.qatools.yandex.ru">
    <name>Default Suite : AutoTestLK</name>
    <title>Default Suite : AutoTestLK</title>
    <test-cases>
        <test-case start="1516755331879" stop="1516755338550" status="failed">
            <name>loginTest</name>
            <failure>
                <message>AssertionError: expected [Support] but found [SUPPORT]</message>
                <stack-trace>java.lang.AssertionError: expected [Support] but found [SUPPORT]
	at org.testng.Assert.fail(Assert.java:96)
	at org.testng.Assert.failNotEquals(Assert.java:776)
	at org.testng.Assert.assertEqualsImpl(Assert.java:137)
	at org.testng.Assert.assertEquals(Assert.java:118)
	at org.testng.Assert.assertEquals(Assert.java:453)
	at org.testng.Assert.assertEquals(Assert.java:463)
	at pageObjects.IndexPageSelenide.checkButtonServiceTop(IndexPageSelenide.java:108)
	at hw4.SelenideTest.loginTest(SelenideTest.java:56)
	at sun.reflect.NativeMethodAccessorImpl.invoke0(Native Method)
	at sun.reflect.NativeMethodAccessorImpl.invoke(NativeMethodAccessorImpl.java:62)
	at sun.reflect.DelegatingMethodAccessorImpl.invoke(DelegatingMethodAccessorImpl.java:43)
	at java.lang.reflect.Method.invoke(Method.java:497)
	at org.testng.internal.MethodInvocationHelper.invokeMethod(MethodInvocationHelper.java:124)
	at org.testng.internal.Invoker.invokeMethod(Invoker.java:571)
	at org.testng.internal.Invoker.invokeTestMethod(Invoker.java:707)
	at org.testng.internal.Invoker.invokeTestMethods(Invoker.java:979)
	at org.testng.internal.TestMethodWorker.invokeTestMethods(TestMethodWorker.java:125)
	at org.testng.internal.TestMethodWorker.run(TestMethodWorker.java:109)
	at org.testng.TestRunner.privateRun(TestRunner.java:648)
	at org.testng.TestRunner.run(TestRunner.java:505)
	at org.testng.SuiteRunner.runTest(SuiteRunner.java:455)
	at org.testng.SuiteRunner.runSequentially(SuiteRunner.java:450)
	at org.testng.SuiteRunner.privateRun(SuiteRunner.java:415)
	at org.testng.SuiteRunner.run(SuiteRunner.java:364)
	at org.testng.SuiteRunnerWorker.runSuite(SuiteRunnerWorker.java:52)
	at org.testng.SuiteRunnerWorker.run(SuiteRunnerWorker.java:84)
	at org.testng.TestNG.runSuitesSequentially(TestNG.java:1187)
	at org.testng.TestNG.runSuitesLocally(TestNG.java:1116)
	at org.testng.TestNG.runSuites(TestNG.java:1028)
	at org.testng.TestNG.run(TestNG.java:996)
	at org.testng.IDEARemoteTestNG.run(IDEARemoteTestNG.java:72)
	at org.testng.RemoteTestNGStarter.main(RemoteTestNGStarter.java:123)
</stack-trace>
            </failure>
            <steps>
                <step start="1516755331926" stop="1516755336243" status="passed">
                    <name>open[ChromeDriver: chrome on XP (6bad9303f05e20fec9cf967144b49390)]</name>
                </step>
                <step start="1516755336266" stop="1516755336272" status="passed">
                    <name>checkPageTitle[Index Page]</name>
                </step>
                <step start="1516755336273" stop="1516755336869" status="passed">
                    <name>login[epam, 1234]</name>
                </step>
                <step start="1516755336870" stop="1516755336971" status="passed">
                    <name>checkUserName[PITER CHAILOVSKII]</name>
                </step>
                <step start="1516755336972" stop="1516755337252" status="passed">
                    <name>checkImages</name>
                </step>
                <step start="1516755337254" stop="1516755337964" status="passed">
                    <name>checkTexts[[To include good practices and ideas from successful EPAM projec, To be flexible and customizable, To be mult...]</name>
                </step>
                <step start="1516755337964" stop="1516755338089" status="passed">
                    <name>checkMainTitle[EPAM FRAMEWORK WISHES…]</name>
                </step>
                <step start="1516755338089" stop="1516755338268" status="passed">
                    <name>checkMainText[LOREM IPSUM DOLOR SIT AMET, CONSECTETUR ADIPISICING ELIT, SED DO EIUSMOD TEMPOR INCIDIDUNT UT LABORE ET DO...]</name>
                </step>
                <step start="1516755338268" stop="1516755338535" status="failed">
                    <name>checkButtonServiceTop[[Support, Dates, Complex Table, Simple Table, Table with pages, Different elements]]</name>
                </step>
            </steps>
            <attachments/>
            <labels>
                <label name="testSuite" value="Default Suite"/>
                <label name="testGroup" value="AutoTestLK"/>
                <label name="testClass" value="hw4.SelenideTest"/>
                <label name="testMethod" value="loginTest"/>
                <label name="host" value="Елизавета-ПК"/>
                <label name="thread" value="4924@Елизавета-ПК.main(1)"/>
            </labels>
        </test-case>
    </test-cases>
    <labels>
        <label name="framework" value="TestNG"/>
        <label name="language" value="JAVA"/>
    </labels>
</ns2:test-suite>
