<?xml version="1.0" encoding="UTF-8" standalone="yes"?>
<ns2:test-suite start="1517510480683" stop="1517510531685" version="1.5.4" xmlns:ns2="urn:model.allure.qatools.yandex.ru">
    <name>Default Suite : AutoTestLK</name>
    <title>Default Suite : AutoTestLK</title>
    <test-cases>
        <test-case start="1517510481356" stop="1517510531675" status="failed">
            <name>loginTest</name>
            <failure>
                <message>AssertionError: Failed to do 'Get text' action. Reason: java.lang.AssertionError: Do action Get text failed. Can't get result. Reason: java.lang.NullPointerException</message>
                <stack-trace>java.lang.AssertionError: Failed to do 'Get text' action. Reason: java.lang.AssertionError: Do action Get text failed. Can't get result. Reason: java.lang.NullPointerException
	at org.testng.Assert.fail(Assert.java:96)
	at com.epam.web.matcher.testng.Check$$Lambda$194/26421747.accept(Unknown Source)
	at com.epam.web.matcher.base.BaseMatcher.assertException(BaseMatcher.java:197)
	at com.epam.web.matcher.base.BaseMatcher.exception(BaseMatcher.java:185)
	at com.epam.jdi.uitests.core.settings.JDISettings.exception(JDISettings.java:91)
	at com.epam.jdi.uitests.web.selenium.elements.actions.ActionInvoker.doJActionResult(ActionInvoker.java:64)
	at com.epam.jdi.uitests.web.selenium.elements.actions.ActionInvoker.doJActionResult(ActionInvoker.java:47)
	at com.epam.jdi.uitests.web.selenium.elements.actions.ElementsActions.getText(ElementsActions.java:85)
	at com.epam.jdi.uitests.web.selenium.elements.complex.DropList.getText(DropList.java:203)
	at siteJDI.pages.MetalsColorsPage.fillDataMetalsColorsPage(MetalsColorsPage.java:45)
	at hw7.JDITest.loginTest(JDITest.java:23)
	at sun.reflect.NativeMethodAccessorImpl.invoke0(Native Method)
	at sun.reflect.NativeMethodAccessorImpl.invoke(NativeMethodAccessorImpl.java:62)
	at sun.reflect.DelegatingMethodAccessorImpl.invoke(DelegatingMethodAccessorImpl.java:43)
	at java.lang.reflect.Method.invoke(Method.java:497)
	at org.testng.internal.MethodInvocationHelper.invokeMethod(MethodInvocationHelper.java:124)
	at org.testng.internal.Invoker.invokeMethod(Invoker.java:571)
	at org.testng.internal.Invoker.invokeTestMethod(Invoker.java:707)
	at org.testng.internal.Invoker.invokeTestMethods(Invoker.java:979)
	at org.testng.internal.TestMethodWorker.invokeTestMethods(TestMethodWorker.java:125)
	at org.testng.internal.TestMethodWorker.run(TestMethodWorker.java:109)
	at org.testng.TestRunner.privateRun(TestRunner.java:648)
	at org.testng.TestRunner.run(TestRunner.java:505)
	at org.testng.SuiteRunner.runTest(SuiteRunner.java:455)
	at org.testng.SuiteRunner.runSequentially(SuiteRunner.java:450)
	at org.testng.SuiteRunner.privateRun(SuiteRunner.java:415)
	at org.testng.SuiteRunner.run(SuiteRunner.java:364)
	at org.testng.SuiteRunnerWorker.runSuite(SuiteRunnerWorker.java:52)
	at org.testng.SuiteRunnerWorker.run(SuiteRunnerWorker.java:84)
	at org.testng.TestNG.runSuitesSequentially(TestNG.java:1187)
	at org.testng.TestNG.runSuitesLocally(TestNG.java:1116)
	at org.testng.TestNG.runSuites(TestNG.java:1028)
	at org.testng.TestNG.run(TestNG.java:996)
	at org.testng.IDEARemoteTestNG.run(IDEARemoteTestNG.java:72)
	at org.testng.RemoteTestNGStarter.main(RemoteTestNGStarter.java:123)
</stack-trace>
            </failure>
            <steps>
                <step start="1517510506819" stop="1517510508453" status="passed">
                    <name>login</name>
                    <steps>
                        <step start="1517510507864" stop="1517510508453" status="passed">
                            <name>loginAs[User{name:epam;password:1234}]</name>
                            <steps>
                                <step start="1517510507866" stop="1517510508453" status="passed">
                                    <name>login[User{name:epam;password:1234}]</name>
                                </step>
                            </steps>
                        </step>
                    </steps>
                </step>
                <step start="1517510508461" stop="1517510508471" status="passed">
                    <name>check</name>
                </step>
                <step start="1517510508473" stop="1517510508479" status="passed">
                    <name>check</name>
                </step>
                <step start="1517510508480" stop="1517510508480" status="passed">
                    <name>Check that condition 'true' is True</name>
                </step>
                <step start="1517510510276" stop="1517510510298" status="passed">
                    <name>check</name>
                </step>
                <step start="1517510510301" stop="1517510510315" status="passed">
                    <name>check</name>
                </step>
                <step start="1517510510315" stop="1517510510315" status="passed">
                    <name>Check that condition 'true' is True</name>
                </step>
                <step start="1517510510316" stop="1517510531595" status="failed">
                    <name>fillDataMetalsColorsPage[3, 8, Water, Fire, Red, Selen, Cucumber, Tomato]</name>
                </step>
            </steps>
            <attachments/>
            <labels>
                <label name="testSuite" value="Default Suite"/>
                <label name="testGroup" value="AutoTestLK"/>
                <label name="testClass" value="hw7.JDITest"/>
                <label name="testMethod" value="loginTest"/>
                <label name="host" value="Елизавета-ПК"/>
                <label name="thread" value="6828@Елизавета-ПК.main(1)"/>
            </labels>
        </test-case>
    </test-cases>
    <labels>
        <label name="framework" value="TestNG"/>
        <label name="language" value="JAVA"/>
    </labels>
</ns2:test-suite>
