<?xml version="1.0" encoding="UTF-8" standalone="yes"?>
<ns2:test-suite start="1516910021322" stop="1516910036151" version="1.5.2" xmlns:ns2="urn:model.allure.qatools.yandex.ru">
    <name>Default Suite : AutoTestLK</name>
    <title>Default Suite : AutoTestLK</title>
    <test-cases>
        <test-case start="1516910029629" stop="1516910034755" status="broken">
            <name>loginTest</name>
            <failure>
                <message>NullPointerException: null</message>
                <stack-trace>java.lang.NullPointerException
	at hw4.SelenideTest.loginTest(SelenideTest.java:64)
	at sun.reflect.NativeMethodAccessorImpl.invoke0(Native Method)
	at sun.reflect.NativeMethodAccessorImpl.invoke(NativeMethodAccessorImpl.java:62)
	at sun.reflect.DelegatingMethodAccessorImpl.invoke(DelegatingMethodAccessorImpl.java:43)
	at java.lang.reflect.Method.invoke(Method.java:497)
	at org.testng.internal.MethodInvocationHelper.invokeMethod(MethodInvocationHelper.java:124)
	at org.testng.internal.Invoker.invokeMethod(Invoker.java:571)
	at org.testng.internal.Invoker.invokeTestMethod(Invoker.java:707)
	at org.testng.internal.Invoker.invokeTestMethods(Invoker.java:979)
	at org.testng.internal.TestMethodWorker.invokeTestMethods(TestMethodWorker.java:125)
	at org.testng.internal.TestMethodWorker.run(TestMethodWorker.java:109)
	at org.testng.TestRunner.privateRun(TestRunner.java:648)
	at org.testng.TestRunner.run(TestRunner.java:505)
	at org.testng.SuiteRunner.runTest(SuiteRunner.java:455)
	at org.testng.SuiteRunner.runSequentially(SuiteRunner.java:450)
	at org.testng.SuiteRunner.privateRun(SuiteRunner.java:415)
	at org.testng.SuiteRunner.run(SuiteRunner.java:364)
	at org.testng.SuiteRunnerWorker.runSuite(SuiteRunnerWorker.java:52)
	at org.testng.SuiteRunnerWorker.run(SuiteRunnerWorker.java:84)
	at org.testng.TestNG.runSuitesSequentially(TestNG.java:1187)
	at org.testng.TestNG.runSuitesLocally(TestNG.java:1116)
	at org.testng.TestNG.runSuites(TestNG.java:1028)
	at org.testng.TestNG.run(TestNG.java:996)
	at org.testng.IDEARemoteTestNG.run(IDEARemoteTestNG.java:72)
	at org.testng.RemoteTestNGStarter.main(RemoteTestNGStarter.java:123)
</stack-trace>
            </failure>
            <steps>
                <step start="1516910029655" stop="1516910031026" status="passed">
                    <name>open[ChromeDriver: chrome on XP (152dbcd19e664b9cffc210d3e200674a)]</name>
                </step>
                <step start="1516910031044" stop="1516910031057" status="passed">
                    <name>checkPageTitle[Index Page]</name>
                </step>
                <step start="1516910031058" stop="1516910031635" status="passed">
                    <name>login[epam, 1234]</name>
                </step>
                <step start="1516910031636" stop="1516910031730" status="passed">
                    <name>checkUserName[PITER CHAILOVSKII]</name>
                </step>
                <step start="1516910031731" stop="1516910031943" status="passed">
                    <name>checkImages</name>
                </step>
                <step start="1516910031945" stop="1516910032422" status="passed">
                    <name>checkTexts[[To include good practices and ideas from successful EPAM projec, To be flexible and customizable, To be mult...]</name>
                </step>
                <step start="1516910032424" stop="1516910032516" status="passed">
                    <name>checkMainTitle[EPAM FRAMEWORK WISHES…]</name>
                </step>
                <step start="1516910032517" stop="1516910032611" status="passed">
                    <name>checkMainText[LOREM IPSUM DOLOR SIT AMET, CONSECTETUR ADIPISICING ELIT, SED DO EIUSMOD TEMPOR INCIDIDUNT UT LABORE ET DO...]</name>
                </step>
                <step start="1516910032613" stop="1516910033440" status="passed">
                    <name>checkButtonServiceTop[[SUPPORT, DATES, COMPLEX TABLE, SIMPLE TABLE, TABLE WITH PAGES, DIFFERENT ELEMENTS]]</name>
                </step>
                <step start="1516910033441" stop="1516910033611" status="passed">
                    <name>checkButtonServiceLeft[[SUPPORT, DATES, COMPLEX TABLE, SIMPLE TABLE, TABLE WITH PAGES, DIFFERENT ELEMENTS]]</name>
                </step>
                <step start="1516910033613" stop="1516910034591" status="passed">
                    <name>openDifferentElementsPage[ChromeDriver: chrome on XP (152dbcd19e664b9cffc210d3e200674a)]</name>
                </step>
            </steps>
            <attachments/>
            <labels>
                <label name="testSuite" value="Default Suite"/>
                <label name="testGroup" value="AutoTestLK"/>
                <label name="testClass" value="hw4.SelenideTest"/>
                <label name="testMethod" value="loginTest"/>
                <label name="host" value="Елизавета-ПК"/>
                <label name="thread" value="7548@Елизавета-ПК.main(1)"/>
            </labels>
        </test-case>
    </test-cases>
    <labels>
        <label name="framework" value="TestNG"/>
        <label name="language" value="JAVA"/>
    </labels>
</ns2:test-suite>
