<?xml version="1.0" encoding="UTF-8" standalone="yes"?>
<ns2:test-suite start="1517515462512" stop="1517515485465" version="1.5.4" xmlns:ns2="urn:model.allure.qatools.yandex.ru">
    <name>Default Suite : AutoTestLK</name>
    <title>Default Suite : AutoTestLK</title>
    <test-cases>
        <test-case start="1517515462640" stop="1517515485449" status="failed">
            <name>loginTest</name>
            <failure>
                <message>AssertionError: Failed to do 'Get text' action. Reason: java.lang.AssertionError: Do action Get text failed. Can't get result. Reason: java.lang.AssertionError: Failed to do 'Get web element' action. Reason: java.lang.AssertionError: Do action Get web element failed. Can't get result. Reason: java.lang.AssertionError: Find 4 elements instead of one for Element 'CheckBox 'Elements Check Boxes' (MetalsColorsPage.elementsCheckBoxes; ; cssSelector='#elements-checklist label')' during 10 seconds</message>
                <stack-trace>java.lang.AssertionError: Failed to do 'Get text' action. Reason: java.lang.AssertionError: Do action Get text failed. Can't get result. Reason: java.lang.AssertionError: Failed to do 'Get web element' action. Reason: java.lang.AssertionError: Do action Get web element failed. Can't get result. Reason: java.lang.AssertionError: Find 4 elements instead of one for Element 'CheckBox 'Elements Check Boxes' (MetalsColorsPage.elementsCheckBoxes; ; cssSelector='#elements-checklist label')' during 10 seconds
	at org.testng.Assert.fail(Assert.java:96)
	at com.epam.web.matcher.testng.Check$$Lambda$203/4114697.accept(Unknown Source)
	at com.epam.web.matcher.base.BaseMatcher.assertException(BaseMatcher.java:197)
	at com.epam.web.matcher.base.BaseMatcher.exception(BaseMatcher.java:185)
	at com.epam.jdi.uitests.core.settings.JDISettings.exception(JDISettings.java:91)
	at com.epam.jdi.uitests.web.selenium.elements.actions.ActionInvoker.doJActionResult(ActionInvoker.java:64)
	at com.epam.jdi.uitests.web.selenium.elements.actions.ActionInvoker.doJActionResult(ActionInvoker.java:47)
	at com.epam.jdi.uitests.web.selenium.elements.actions.ElementsActions.getText(ElementsActions.java:85)
	at com.epam.jdi.uitests.web.selenium.elements.common.CheckBox.getText(CheckBox.java:142)
	at siteJDI.pages.MetalsColorsPage.fillDataMetalsColorsPage(MetalsColorsPage.java:49)
	at hw7.JDITest.loginTest(JDITest.java:29)
	at sun.reflect.NativeMethodAccessorImpl.invoke0(Native Method)
	at sun.reflect.NativeMethodAccessorImpl.invoke(NativeMethodAccessorImpl.java:62)
	at sun.reflect.DelegatingMethodAccessorImpl.invoke(DelegatingMethodAccessorImpl.java:43)
	at java.lang.reflect.Method.invoke(Method.java:497)
	at org.testng.internal.MethodInvocationHelper.invokeMethod(MethodInvocationHelper.java:124)
	at org.testng.internal.Invoker.invokeMethod(Invoker.java:571)
	at org.testng.internal.Invoker.invokeTestMethod(Invoker.java:707)
	at org.testng.internal.Invoker.invokeTestMethods(Invoker.java:979)
	at org.testng.internal.TestMethodWorker.invokeTestMethods(TestMethodWorker.java:125)
	at org.testng.internal.TestMethodWorker.run(TestMethodWorker.java:109)
	at org.testng.TestRunner.privateRun(TestRunner.java:648)
	at org.testng.TestRunner.run(TestRunner.java:505)
	at org.testng.SuiteRunner.runTest(SuiteRunner.java:455)
	at org.testng.SuiteRunner.runSequentially(SuiteRunner.java:450)
	at org.testng.SuiteRunner.privateRun(SuiteRunner.java:415)
	at org.testng.SuiteRunner.run(SuiteRunner.java:364)
	at org.testng.SuiteRunnerWorker.runSuite(SuiteRunnerWorker.java:52)
	at org.testng.SuiteRunnerWorker.run(SuiteRunnerWorker.java:84)
	at org.testng.TestNG.runSuitesSequentially(TestNG.java:1187)
	at org.testng.TestNG.runSuitesLocally(TestNG.java:1116)
	at org.testng.TestNG.runSuites(TestNG.java:1028)
	at org.testng.TestNG.run(TestNG.java:996)
	at org.testng.IDEARemoteTestNG.run(IDEARemoteTestNG.java:72)
	at org.testng.RemoteTestNGStarter.main(RemoteTestNGStarter.java:123)
</stack-trace>
            </failure>
            <steps>
                <step start="1517515471757" stop="1517515472434" status="passed">
                    <name>login</name>
                    <steps>
                        <step start="1517515471949" stop="1517515472434" status="passed">
                            <name>loginAs[User{name:epam;password:1234}]</name>
                            <steps>
                                <step start="1517515471951" stop="1517515472434" status="passed">
                                    <name>login[User{name:epam;password:1234}]</name>
                                </step>
                            </steps>
                        </step>
                    </steps>
                </step>
                <step start="1517515472434" stop="1517515472456" status="passed">
                    <name>check</name>
                </step>
                <step start="1517515472458" stop="1517515472464" status="passed">
                    <name>check</name>
                </step>
                <step start="1517515472470" stop="1517515472470" status="passed">
                    <name>Check that condition 'true' is True</name>
                </step>
                <step start="1517515473087" stop="1517515473117" status="passed">
                    <name>check</name>
                </step>
                <step start="1517515473119" stop="1517515473126" status="passed">
                    <name>check</name>
                </step>
                <step start="1517515473126" stop="1517515473126" status="passed">
                    <name>Check that condition 'true' is True</name>
                </step>
                <step start="1517515473129" stop="1517515485434" status="failed">
                    <name>fillDataMetalsColorsPage[THREE, EIGHT, WATER, FIRE, RED, SELEN, CUCUMBER, TOMATO]</name>
                </step>
            </steps>
            <attachments/>
            <labels>
                <label name="testSuite" value="Default Suite"/>
                <label name="testGroup" value="AutoTestLK"/>
                <label name="testClass" value="hw7.JDITest"/>
                <label name="testMethod" value="loginTest"/>
                <label name="host" value="Елизавета-ПК"/>
                <label name="thread" value="5024@Елизавета-ПК.main(1)"/>
            </labels>
        </test-case>
    </test-cases>
    <labels>
        <label name="framework" value="TestNG"/>
        <label name="language" value="JAVA"/>
    </labels>
</ns2:test-suite>
