<?xml version="1.0" encoding="UTF-8" standalone="yes"?>
<ns2:test-suite start="1517348563767" stop="1517348596175" version="1.5.4" xmlns:ns2="urn:model.allure.qatools.yandex.ru">
    <name>Default Suite : AutoTestLK</name>
    <title>Default Suite : AutoTestLK</title>
    <test-cases>
        <test-case start="1517348563876" stop="1517348596159" status="broken">
            <name>loginTest</name>
            <failure>
                <message>ArrayIndexOutOfBoundsException: 1</message>
                <stack-trace>java.lang.ArrayIndexOutOfBoundsException: 1
	at java.util.concurrent.CopyOnWriteArrayList.get(CopyOnWriteArrayList.java:387)
	at java.util.concurrent.CopyOnWriteArrayList.get(CopyOnWriteArrayList.java:396)
	at com.epam.jdi.uitests.web.selenium.elements.complex.Elements.get(Elements.java:153)
	at com.epam.jdi.uitests.web.selenium.elements.complex.Elements.get(Elements.java:44)
	at siteJDI.pages.MetalsColorsPage.fillDataMetalsColorsPage(MetalsColorsPage.java:20)
	at hw7.JDITest.loginTest(JDITest.java:23)
	at sun.reflect.NativeMethodAccessorImpl.invoke0(Native Method)
	at sun.reflect.NativeMethodAccessorImpl.invoke(NativeMethodAccessorImpl.java:62)
	at sun.reflect.DelegatingMethodAccessorImpl.invoke(DelegatingMethodAccessorImpl.java:43)
	at java.lang.reflect.Method.invoke(Method.java:497)
	at org.testng.internal.MethodInvocationHelper.invokeMethod(MethodInvocationHelper.java:124)
	at org.testng.internal.Invoker.invokeMethod(Invoker.java:571)
	at org.testng.internal.Invoker.invokeTestMethod(Invoker.java:707)
	at org.testng.internal.Invoker.invokeTestMethods(Invoker.java:979)
	at org.testng.internal.TestMethodWorker.invokeTestMethods(TestMethodWorker.java:125)
	at org.testng.internal.TestMethodWorker.run(TestMethodWorker.java:109)
	at org.testng.TestRunner.privateRun(TestRunner.java:648)
	at org.testng.TestRunner.run(TestRunner.java:505)
	at org.testng.SuiteRunner.runTest(SuiteRunner.java:455)
	at org.testng.SuiteRunner.runSequentially(SuiteRunner.java:450)
	at org.testng.SuiteRunner.privateRun(SuiteRunner.java:415)
	at org.testng.SuiteRunner.run(SuiteRunner.java:364)
	at org.testng.SuiteRunnerWorker.runSuite(SuiteRunnerWorker.java:52)
	at org.testng.SuiteRunnerWorker.run(SuiteRunnerWorker.java:84)
	at org.testng.TestNG.runSuitesSequentially(TestNG.java:1187)
	at org.testng.TestNG.runSuitesLocally(TestNG.java:1116)
	at org.testng.TestNG.runSuites(TestNG.java:1028)
	at org.testng.TestNG.run(TestNG.java:996)
	at org.testng.IDEARemoteTestNG.run(IDEARemoteTestNG.java:72)
	at org.testng.RemoteTestNGStarter.main(RemoteTestNGStarter.java:123)
</stack-trace>
            </failure>
            <steps>
                <step start="1517348574521" stop="1517348575275" status="passed">
                    <name>login</name>
                    <steps>
                        <step start="1517348574728" stop="1517348575275" status="passed">
                            <name>loginAs[User{name:epam;password:1234}]</name>
                            <steps>
                                <step start="1517348574729" stop="1517348575275" status="passed">
                                    <name>login[User{name:epam;password:1234}]</name>
                                </step>
                            </steps>
                        </step>
                    </steps>
                </step>
                <step start="1517348575283" stop="1517348575294" status="passed">
                    <name>check</name>
                </step>
                <step start="1517348575296" stop="1517348575307" status="passed">
                    <name>check</name>
                </step>
                <step start="1517348575308" stop="1517348575308" status="passed">
                    <name>Check that condition 'true' is True</name>
                </step>
                <step start="1517348576003" stop="1517348576012" status="passed">
                    <name>check</name>
                </step>
                <step start="1517348576013" stop="1517348576019" status="passed">
                    <name>check</name>
                </step>
                <step start="1517348576019" stop="1517348576019" status="passed">
                    <name>Check that condition 'true' is True</name>
                </step>
                <step start="1517348576020" stop="1517348596144" status="broken">
                    <name>fillDataMetalsColorsPage[3, 8]</name>
                </step>
            </steps>
            <attachments/>
            <labels>
                <label name="testSuite" value="Default Suite"/>
                <label name="testGroup" value="AutoTestLK"/>
                <label name="testClass" value="hw7.JDITest"/>
                <label name="testMethod" value="loginTest"/>
                <label name="host" value="Елизавета-ПК"/>
                <label name="thread" value="7024@Елизавета-ПК.main(1)"/>
            </labels>
        </test-case>
    </test-cases>
    <labels>
        <label name="framework" value="TestNG"/>
        <label name="language" value="JAVA"/>
    </labels>
</ns2:test-suite>
