<?xml version="1.0" encoding="UTF-8" standalone="yes"?>
<ns2:test-suite start="1516911626460" stop="1516911649786" version="1.5.2" xmlns:ns2="urn:model.allure.qatools.yandex.ru">
    <name>Default Suite : AutoTestLK</name>
    <title>Default Suite : AutoTestLK</title>
    <test-cases>
        <test-case start="1516911635464" stop="1516911648780" status="failed">
            <name>differentElementsTest</name>
            <failure>
                <message>ElementNotFound: Element not found {.mCustomScrollbar _mCS_2}
Expected: visible</message>
                <stack-trace>Element not found {.mCustomScrollbar _mCS_2}
Expected: visible
Screenshot: file:/D:/Users/Елизавета/IdeaProjects/AutoTestLK/build/reports/tests/1516911648355.0.png
Page source: file:/D:/Users/Елизавета/IdeaProjects/AutoTestLK/build/reports/tests/1516911648355.0.html
Timeout: 6 s.
Caused by: NoSuchElementException: no such element: Unable to locate element: {"method":"css selector","selector":".mCustomScrollbar _mCS_2"}
	at com.codeborne.selenide.impl.WebElementSource.createElementNotFoundError(WebElementSource.java:31)
	at com.codeborne.selenide.impl.ElementFinder.createElementNotFoundError(ElementFinder.java:82)
	at com.codeborne.selenide.impl.WebElementSource.checkCondition(WebElementSource.java:59)
	at com.codeborne.selenide.commands.Should.should(Should.java:35)
	at com.codeborne.selenide.commands.Should.execute(Should.java:29)
	at com.codeborne.selenide.commands.Should.execute(Should.java:12)
	at com.codeborne.selenide.commands.Commands.execute(Commands.java:144)
	at com.codeborne.selenide.impl.SelenideElementProxy.dispatchAndRetry(SelenideElementProxy.java:87)
	at com.codeborne.selenide.impl.SelenideElementProxy.invoke(SelenideElementProxy.java:63)
	at com.sun.proxy.$Proxy9.should(Unknown Source)
	at pageObjects.DifferentElementsPageSelenide.checkAllElements(DifferentElementsPageSelenide.java:37)
	at hw4.SelenideTest.differentElementsTest(SelenideTest.java:63)
	at sun.reflect.NativeMethodAccessorImpl.invoke0(Native Method)
	at sun.reflect.NativeMethodAccessorImpl.invoke(NativeMethodAccessorImpl.java:62)
	at sun.reflect.DelegatingMethodAccessorImpl.invoke(DelegatingMethodAccessorImpl.java:43)
	at java.lang.reflect.Method.invoke(Method.java:497)
	at org.testng.internal.MethodInvocationHelper.invokeMethod(MethodInvocationHelper.java:124)
	at org.testng.internal.Invoker.invokeMethod(Invoker.java:571)
	at org.testng.internal.Invoker.invokeTestMethod(Invoker.java:707)
	at org.testng.internal.Invoker.invokeTestMethods(Invoker.java:979)
	at org.testng.internal.TestMethodWorker.invokeTestMethods(TestMethodWorker.java:125)
	at org.testng.internal.TestMethodWorker.run(TestMethodWorker.java:109)
	at org.testng.TestRunner.privateRun(TestRunner.java:648)
	at org.testng.TestRunner.run(TestRunner.java:505)
	at org.testng.SuiteRunner.runTest(SuiteRunner.java:455)
	at org.testng.SuiteRunner.runSequentially(SuiteRunner.java:450)
	at org.testng.SuiteRunner.privateRun(SuiteRunner.java:415)
	at org.testng.SuiteRunner.run(SuiteRunner.java:364)
	at org.testng.SuiteRunnerWorker.runSuite(SuiteRunnerWorker.java:52)
	at org.testng.SuiteRunnerWorker.run(SuiteRunnerWorker.java:84)
	at org.testng.TestNG.runSuitesSequentially(TestNG.java:1187)
	at org.testng.TestNG.runSuitesLocally(TestNG.java:1116)
	at org.testng.TestNG.runSuites(TestNG.java:1028)
	at org.testng.TestNG.run(TestNG.java:996)
	at org.testng.IDEARemoteTestNG.run(IDEARemoteTestNG.java:72)
	at org.testng.RemoteTestNGStarter.main(RemoteTestNGStarter.java:123)
Caused by: org.openqa.selenium.NoSuchElementException: no such element: Unable to locate element: {"method":"css selector","selector":".mCustomScrollbar _mCS_2"}
  (Session info: chrome=63.0.3239.132)
  (Driver info: chromedriver=2.35.528161 (5b82f2d2aae0ca24b877009200ced9065a772e73),platform=Windows NT 6.1.7601 SP1 x86) (WARNING: The server did not provide any stacktrace information)
Command duration or timeout: 0 milliseconds
For documentation on this error, please visit: http://seleniumhq.org/exceptions/no_such_element.html
Build info: version: '3.8.1', revision: '6e95a6684b', time: '2017-12-01T18:33:54.468Z'
System info: host: 'ЕЛИЗАВЕТА-ПК', ip: '192.168.56.1', os.name: 'Windows 7', os.arch: 'x86', os.version: '6.1', java.version: '1.8.0_45'
Driver info: org.openqa.selenium.chrome.ChromeDriver
Capabilities {acceptInsecureCerts: false, acceptSslCerts: false, applicationCacheEnabled: false, browserConnectionEnabled: false, browserName: chrome, chrome: {chromedriverVersion: 2.35.528161 (5b82f2d2aae0ca..., userDataDir: C:\Users\9875~1\AppData\Loc...}, cssSelectorsEnabled: true, databaseEnabled: false, handlesAlerts: true, hasTouchScreen: false, javascriptEnabled: true, locationContextEnabled: true, mobileEmulationEnabled: false, nativeEvents: true, networkConnectionEnabled: false, pageLoadStrategy: normal, platform: XP, platformName: XP, rotatable: false, setWindowRect: true, takesHeapSnapshot: true, takesScreenshot: true, unexpectedAlertBehaviour: , unhandledPromptBehavior: , version: 63.0.3239.132, webStorageEnabled: true}
Session ID: 5cc07fa1d0ac493ff3320d105cf45f53
*** Element info: {Using=css selector, value=.mCustomScrollbar _mCS_2}
	at sun.reflect.GeneratedConstructorAccessor14.newInstance(Unknown Source)
	at sun.reflect.DelegatingConstructorAccessorImpl.newInstance(DelegatingConstructorAccessorImpl.java:45)
	at java.lang.reflect.Constructor.newInstance(Constructor.java:422)
	at org.openqa.selenium.remote.ErrorHandler.createThrowable(ErrorHandler.java:214)
	at org.openqa.selenium.remote.ErrorHandler.throwIfResponseFailed(ErrorHandler.java:166)
	at org.openqa.selenium.remote.http.JsonHttpResponseCodec.reconstructValue(JsonHttpResponseCodec.java:40)
	at org.openqa.selenium.remote.http.AbstractHttpResponseCodec.decode(AbstractHttpResponseCodec.java:80)
	at org.openqa.selenium.remote.http.AbstractHttpResponseCodec.decode(AbstractHttpResponseCodec.java:44)
	at org.openqa.selenium.remote.HttpCommandExecutor.execute(HttpCommandExecutor.java:164)
	at org.openqa.selenium.remote.service.DriverCommandExecutor.execute(DriverCommandExecutor.java:83)
	at org.openqa.selenium.remote.RemoteWebDriver.execute(RemoteWebDriver.java:601)
	at org.openqa.selenium.remote.RemoteWebDriver.findElement(RemoteWebDriver.java:371)
	at org.openqa.selenium.remote.RemoteWebDriver.findElementByCssSelector(RemoteWebDriver.java:465)
	at org.openqa.selenium.By$ByCssSelector.findElement(By.java:430)
	at org.openqa.selenium.remote.RemoteWebDriver.findElement(RemoteWebDriver.java:363)
	at com.codeborne.selenide.impl.WebElementSelector.findElement(WebElementSelector.java:29)
	at com.codeborne.selenide.impl.ElementFinder.getWebElement(ElementFinder.java:56)
	at com.codeborne.selenide.impl.WebElementSource.checkCondition(WebElementSource.java:44)
	... 33 more
</stack-trace>
            </failure>
            <steps>
                <step start="1516911635493" stop="1516911638014" status="passed">
                    <name>open[ChromeDriver: chrome on XP (5cc07fa1d0ac493ff3320d105cf45f53)]</name>
                </step>
                <step start="1516911638037" stop="1516911638046" status="passed">
                    <name>checkPageTitle[Index Page]</name>
                </step>
                <step start="1516911638047" stop="1516911638581" status="passed">
                    <name>login[epam, 1234]</name>
                </step>
                <step start="1516911638582" stop="1516911638680" status="passed">
                    <name>checkUserName[PITER CHAILOVSKII]</name>
                </step>
                <step start="1516911638681" stop="1516911638910" status="passed">
                    <name>checkImages</name>
                </step>
                <step start="1516911638911" stop="1516911639399" status="passed">
                    <name>checkTexts[[To include good practices and ideas from successful EPAM projec, To be flexible and customizable, To be mult...]</name>
                </step>
                <step start="1516911639400" stop="1516911639487" status="passed">
                    <name>checkMainTitle[EPAM FRAMEWORK WISHES…]</name>
                </step>
                <step start="1516911639488" stop="1516911639574" status="passed">
                    <name>checkMainText[LOREM IPSUM DOLOR SIT AMET, CONSECTETUR ADIPISICING ELIT, SED DO EIUSMOD TEMPOR INCIDIDUNT UT LABORE ET DO...]</name>
                </step>
                <step start="1516911639575" stop="1516911640449" status="passed">
                    <name>checkButtonServiceTop[[SUPPORT, DATES, COMPLEX TABLE, SIMPLE TABLE, TABLE WITH PAGES, DIFFERENT ELEMENTS]]</name>
                </step>
                <step start="1516911640450" stop="1516911640602" status="passed">
                    <name>checkButtonServiceLeft[[SUPPORT, DATES, COMPLEX TABLE, SIMPLE TABLE, TABLE WITH PAGES, DIFFERENT ELEMENTS]]</name>
                </step>
                <step start="1516911640603" stop="1516911641602" status="passed">
                    <name>openDifferentElementsPage[ChromeDriver: chrome on XP (5cc07fa1d0ac493ff3320d105cf45f53)]</name>
                </step>
                <step start="1516911641603" stop="1516911648762" status="failed">
                    <name>checkAllElements</name>
                </step>
            </steps>
            <attachments/>
            <labels>
                <label name="testSuite" value="Default Suite"/>
                <label name="testGroup" value="AutoTestLK"/>
                <label name="testClass" value="hw4.SelenideTest"/>
                <label name="testMethod" value="differentElementsTest"/>
                <label name="host" value="Елизавета-ПК"/>
                <label name="thread" value="9804@Елизавета-ПК.main(1)"/>
            </labels>
        </test-case>
    </test-cases>
    <labels>
        <label name="framework" value="TestNG"/>
        <label name="language" value="JAVA"/>
    </labels>
</ns2:test-suite>
