<?xml version="1.0" encoding="UTF-8" standalone="yes"?>
<ns2:test-suite start="1517347486107" stop="1517347521496" version="1.5.4" xmlns:ns2="urn:model.allure.qatools.yandex.ru">
    <name>Default Suite : AutoTestLK</name>
    <title>Default Suite : AutoTestLK</title>
    <test-cases>
        <test-case start="1517347486279" stop="1517347521492" status="broken">
            <name>loginTest</name>
            <failure>
                <message>RuntimeException: java.lang.AssertionError: Do action Click on Element failed. Can't get result. Reason: java.lang.AssertionError: Failed to do 'Get web element' action. Reason: java.lang.AssertionError: Do action Get web element failed. Can't get result. Reason: java.lang.AssertionError: Find 2 elements instead of one for Element 'Button 'Metals Colors Button' (.metalsColorsButton; ; cssSelector='[href='metals-colors.html']')' during 20 seconds</message>
                <stack-trace>java.lang.RuntimeException: java.lang.AssertionError: Do action Click on Element failed. Can't get result. Reason: java.lang.AssertionError: Failed to do 'Get web element' action. Reason: java.lang.AssertionError: Do action Get web element failed. Can't get result. Reason: java.lang.AssertionError: Find 2 elements instead of one for Element 'Button 'Metals Colors Button' (.metalsColorsButton; ; cssSelector='[href='metals-colors.html']')' during 20 seconds
	at com.epam.commons.Timer.wait(Timer.java:128)
	at com.epam.commons.Timer.alwaysDoneAction(Timer.java:90)
	at com.epam.jdi.uitests.web.selenium.elements.actions.ActionInvoker.doJAction(ActionInvoker.java:73)
	at com.epam.jdi.uitests.web.selenium.elements.actions.ActionInvoker.doJAction(ActionInvoker.java:69)
	at com.epam.jdi.uitests.web.selenium.elements.actions.ElementsActions.click(ElementsActions.java:80)
	at com.epam.jdi.uitests.web.selenium.elements.base.Clickable.click(Clickable.java:56)
	at siteJDI.JDIExampleSite.openMetalsColorsPageByHeaderMenu(JDIExampleSite.java:37)
	at hw7.JDITest.loginTest(JDITest.java:17)
	at sun.reflect.NativeMethodAccessorImpl.invoke0(Native Method)
	at sun.reflect.NativeMethodAccessorImpl.invoke(NativeMethodAccessorImpl.java:62)
	at sun.reflect.DelegatingMethodAccessorImpl.invoke(DelegatingMethodAccessorImpl.java:43)
	at java.lang.reflect.Method.invoke(Method.java:497)
	at org.testng.internal.MethodInvocationHelper.invokeMethod(MethodInvocationHelper.java:124)
	at org.testng.internal.Invoker.invokeMethod(Invoker.java:571)
	at org.testng.internal.Invoker.invokeTestMethod(Invoker.java:707)
	at org.testng.internal.Invoker.invokeTestMethods(Invoker.java:979)
	at org.testng.internal.TestMethodWorker.invokeTestMethods(TestMethodWorker.java:125)
	at org.testng.internal.TestMethodWorker.run(TestMethodWorker.java:109)
	at org.testng.TestRunner.privateRun(TestRunner.java:648)
	at org.testng.TestRunner.run(TestRunner.java:505)
	at org.testng.SuiteRunner.runTest(SuiteRunner.java:455)
	at org.testng.SuiteRunner.runSequentially(SuiteRunner.java:450)
	at org.testng.SuiteRunner.privateRun(SuiteRunner.java:415)
	at org.testng.SuiteRunner.run(SuiteRunner.java:364)
	at org.testng.SuiteRunnerWorker.runSuite(SuiteRunnerWorker.java:52)
	at org.testng.SuiteRunnerWorker.run(SuiteRunnerWorker.java:84)
	at org.testng.TestNG.runSuitesSequentially(TestNG.java:1187)
	at org.testng.TestNG.runSuitesLocally(TestNG.java:1116)
	at org.testng.TestNG.runSuites(TestNG.java:1028)
	at org.testng.TestNG.run(TestNG.java:996)
	at org.testng.IDEARemoteTestNG.run(IDEARemoteTestNG.java:72)
	at org.testng.RemoteTestNGStarter.main(RemoteTestNGStarter.java:123)
Caused by: java.lang.AssertionError: Do action Click on Element failed. Can't get result. Reason: java.lang.AssertionError: Failed to do 'Get web element' action. Reason: java.lang.AssertionError: Do action Get web element failed. Can't get result. Reason: java.lang.AssertionError: Find 2 elements instead of one for Element 'Button 'Metals Colors Button' (.metalsColorsButton; ; cssSelector='[href='metals-colors.html']')' during 20 seconds
	at org.testng.Assert.fail(Assert.java:96)
	at com.epam.web.matcher.testng.Check$$Lambda$192/14590206.accept(Unknown Source)
	at com.epam.web.matcher.base.BaseMatcher.assertException(BaseMatcher.java:197)
	at com.epam.web.matcher.base.BaseMatcher.exception(BaseMatcher.java:185)
	at com.epam.jdi.uitests.web.selenium.elements.actions.ActionScenrios.lambda$null$1(ActionScenrios.java:54)
	at com.epam.jdi.uitests.web.selenium.elements.actions.ActionScenrios$$Lambda$46/5281247.invoke(Unknown Source)
	at com.epam.jdi.uitests.core.logger.JDILogger.lambda$logOff$0(JDILogger.java:34)
	at com.epam.jdi.uitests.core.logger.JDILogger$$Lambda$47/33072079.invoke(Unknown Source)
	at com.epam.jdi.uitests.core.logger.JDILogger.logOff(JDILogger.java:43)
	at com.epam.jdi.uitests.core.logger.JDILogger.logOff(JDILogger.java:34)
	at com.epam.jdi.uitests.web.selenium.elements.actions.ActionScenrios.lambda$static$2(ActionScenrios.java:47)
	at com.epam.jdi.uitests.web.selenium.elements.actions.ActionScenrios$$Lambda$38/3506115.invoke(Unknown Source)
	at com.epam.jdi.uitests.web.selenium.elements.actions.ActionScenrios.actionScenario(ActionScenrios.java:60)
	at com.epam.jdi.uitests.web.selenium.elements.actions.ActionInvoker.lambda$doJAction$0(ActionInvoker.java:75)
	at com.epam.jdi.uitests.web.selenium.elements.actions.ActionInvoker$$Lambda$44/19874354.invoke(Unknown Source)
	at com.epam.commons.Timer.lambda$alwaysDoneAction$1(Timer.java:91)
	at com.epam.commons.Timer$$Lambda$45/13094744.getAsBoolean(Unknown Source)
	at com.epam.commons.Timer.wait(Timer.java:123)
	... 31 more
</stack-trace>
            </failure>
            <steps>
                <step start="1517347498970" stop="1517347499917" status="passed">
                    <name>login</name>
                    <steps>
                        <step start="1517347499179" stop="1517347499917" status="passed">
                            <name>loginAs[User{name:epam;password:1234}]</name>
                            <steps>
                                <step start="1517347499182" stop="1517347499917" status="passed">
                                    <name>login[User{name:epam;password:1234}]</name>
                                </step>
                            </steps>
                        </step>
                    </steps>
                </step>
                <step start="1517347499924" stop="1517347499938" status="passed">
                    <name>check</name>
                </step>
                <step start="1517347499939" stop="1517347499946" status="passed">
                    <name>check</name>
                </step>
                <step start="1517347499948" stop="1517347499948" status="passed">
                    <name>Check that condition 'true' is True</name>
                </step>
                <step start="1517347499949" stop="1517347521435" status="broken">
                    <name>openMetalsColorsPageByHeaderMenu</name>
                </step>
            </steps>
            <attachments/>
            <labels>
                <label name="testSuite" value="Default Suite"/>
                <label name="testGroup" value="AutoTestLK"/>
                <label name="testClass" value="hw7.JDITest"/>
                <label name="testMethod" value="loginTest"/>
                <label name="host" value="Елизавета-ПК"/>
                <label name="thread" value="4532@Елизавета-ПК.main(1)"/>
            </labels>
        </test-case>
    </test-cases>
    <labels>
        <label name="framework" value="TestNG"/>
        <label name="language" value="JAVA"/>
    </labels>
</ns2:test-suite>
