<?xml version="1.0" encoding="UTF-8" standalone="yes"?>
<ns2:test-suite start="1517185207424" stop="1517185223439" version="1.5.2" xmlns:ns2="urn:model.allure.qatools.yandex.ru">
    <name>Default Suite : AutoTestLK</name>
    <title>Default Suite : AutoTestLK</title>
    <test-cases>
        <test-case start="1517185216157" stop="1517185222342" status="failed">
            <name>slidersTest</name>
            <failure>
                <message>AssertionError: expected [0] but found [1]</message>
                <stack-trace>java.lang.AssertionError: expected [0] but found [1]
	at org.testng.Assert.fail(Assert.java:96)
	at org.testng.Assert.failNotEquals(Assert.java:776)
	at org.testng.Assert.assertEqualsImpl(Assert.java:137)
	at org.testng.Assert.assertEquals(Assert.java:118)
	at org.testng.Assert.assertEquals(Assert.java:442)
	at pageObjects.DatesPageSelenide.setSliders(DatesPageSelenide.java:63)
	at hw4.SelenideTestCase2.slidersTest(SelenideTestCase2.java:55)
	at sun.reflect.NativeMethodAccessorImpl.invoke0(Native Method)
	at sun.reflect.NativeMethodAccessorImpl.invoke(NativeMethodAccessorImpl.java:62)
	at sun.reflect.DelegatingMethodAccessorImpl.invoke(DelegatingMethodAccessorImpl.java:43)
	at java.lang.reflect.Method.invoke(Method.java:497)
	at org.testng.internal.MethodInvocationHelper.invokeMethod(MethodInvocationHelper.java:124)
	at org.testng.internal.Invoker.invokeMethod(Invoker.java:571)
	at org.testng.internal.Invoker.invokeTestMethod(Invoker.java:707)
	at org.testng.internal.Invoker.invokeTestMethods(Invoker.java:979)
	at org.testng.internal.TestMethodWorker.invokeTestMethods(TestMethodWorker.java:125)
	at org.testng.internal.TestMethodWorker.run(TestMethodWorker.java:109)
	at org.testng.TestRunner.privateRun(TestRunner.java:648)
	at org.testng.TestRunner.run(TestRunner.java:505)
	at org.testng.SuiteRunner.runTest(SuiteRunner.java:455)
	at org.testng.SuiteRunner.runSequentially(SuiteRunner.java:450)
	at org.testng.SuiteRunner.privateRun(SuiteRunner.java:415)
	at org.testng.SuiteRunner.run(SuiteRunner.java:364)
	at org.testng.SuiteRunnerWorker.runSuite(SuiteRunnerWorker.java:52)
	at org.testng.SuiteRunnerWorker.run(SuiteRunnerWorker.java:84)
	at org.testng.TestNG.runSuitesSequentially(TestNG.java:1187)
	at org.testng.TestNG.runSuitesLocally(TestNG.java:1116)
	at org.testng.TestNG.runSuites(TestNG.java:1028)
	at org.testng.TestNG.run(TestNG.java:996)
	at org.testng.IDEARemoteTestNG.run(IDEARemoteTestNG.java:72)
	at org.testng.RemoteTestNGStarter.main(RemoteTestNGStarter.java:123)
</stack-trace>
            </failure>
            <steps>
                <step start="1517185216187" stop="1517185219004" status="passed">
                    <name>open</name>
                </step>
                <step start="1517185219020" stop="1517185219027" status="passed">
                    <name>checkPageTitle[Index Page]</name>
                </step>
                <step start="1517185219028" stop="1517185219764" status="passed">
                    <name>login[epam, 1234]</name>
                </step>
                <step start="1517185219765" stop="1517185219847" status="passed">
                    <name>checkUserName[PITER CHAILOVSKII]</name>
                </step>
                <step start="1517185219848" stop="1517185220884" status="passed">
                    <name>openDatesPage[ChromeDriver: chrome on XP (5199a5bd81af4a24fa647d6b4443fc2f)]</name>
                </step>
                <step start="1517185220885" stop="1517185221468" status="passed">
                    <name>setSliders[0, 100]</name>
                </step>
                <step start="1517185221469" stop="1517185222334" status="failed">
                    <name>setSliders[0, 0]</name>
                </step>
            </steps>
            <attachments/>
            <labels>
                <label name="testSuite" value="Default Suite"/>
                <label name="testGroup" value="AutoTestLK"/>
                <label name="testClass" value="hw4.SelenideTestCase2"/>
                <label name="testMethod" value="slidersTest"/>
                <label name="host" value="Елизавета-ПК"/>
                <label name="thread" value="12116@Елизавета-ПК.main(1)"/>
            </labels>
        </test-case>
    </test-cases>
    <labels>
        <label name="framework" value="TestNG"/>
        <label name="language" value="JAVA"/>
    </labels>
</ns2:test-suite>
