<?xml version="1.0" encoding="UTF-8" standalone="yes"?>
<ns2:test-suite start="1517179815352" stop="1517179837012" version="1.5.2" xmlns:ns2="urn:model.allure.qatools.yandex.ru">
    <name>Default Suite : AutoTestLK</name>
    <title>Default Suite : AutoTestLK</title>
    <test-cases>
        <test-case start="1517179826455" stop="1517179835280" status="broken">
            <name>slidersTest</name>
            <failure>
                <message>NumberFormatException: For input string: "229.578"</message>
                <stack-trace>java.lang.NumberFormatException: For input string: "229.578"
	at java.lang.NumberFormatException.forInputString(NumberFormatException.java:65)
	at java.lang.Integer.parseInt(Integer.java:580)
	at java.lang.Integer.parseInt(Integer.java:615)
	at pageObjects.DatesPageSelenide.getCurrentPosition(DatesPageSelenide.java:62)
	at pageObjects.DatesPageSelenide.setSliders(DatesPageSelenide.java:41)
	at hw4.SelenideTestCase2.slidersTest(SelenideTestCase2.java:52)
	at sun.reflect.NativeMethodAccessorImpl.invoke0(Native Method)
	at sun.reflect.NativeMethodAccessorImpl.invoke(NativeMethodAccessorImpl.java:62)
	at sun.reflect.DelegatingMethodAccessorImpl.invoke(DelegatingMethodAccessorImpl.java:43)
	at java.lang.reflect.Method.invoke(Method.java:497)
	at org.testng.internal.MethodInvocationHelper.invokeMethod(MethodInvocationHelper.java:124)
	at org.testng.internal.Invoker.invokeMethod(Invoker.java:571)
	at org.testng.internal.Invoker.invokeTestMethod(Invoker.java:707)
	at org.testng.internal.Invoker.invokeTestMethods(Invoker.java:979)
	at org.testng.internal.TestMethodWorker.invokeTestMethods(TestMethodWorker.java:125)
	at org.testng.internal.TestMethodWorker.run(TestMethodWorker.java:109)
	at org.testng.TestRunner.privateRun(TestRunner.java:648)
	at org.testng.TestRunner.run(TestRunner.java:505)
	at org.testng.SuiteRunner.runTest(SuiteRunner.java:455)
	at org.testng.SuiteRunner.runSequentially(SuiteRunner.java:450)
	at org.testng.SuiteRunner.privateRun(SuiteRunner.java:415)
	at org.testng.SuiteRunner.run(SuiteRunner.java:364)
	at org.testng.SuiteRunnerWorker.runSuite(SuiteRunnerWorker.java:52)
	at org.testng.SuiteRunnerWorker.run(SuiteRunnerWorker.java:84)
	at org.testng.TestNG.runSuitesSequentially(TestNG.java:1187)
	at org.testng.TestNG.runSuitesLocally(TestNG.java:1116)
	at org.testng.TestNG.runSuites(TestNG.java:1028)
	at org.testng.TestNG.run(TestNG.java:996)
	at org.testng.IDEARemoteTestNG.run(IDEARemoteTestNG.java:72)
	at org.testng.RemoteTestNGStarter.main(RemoteTestNGStarter.java:123)
</stack-trace>
            </failure>
            <steps>
                <step start="1517179826492" stop="1517179830864" status="passed">
                    <name>open</name>
                </step>
                <step start="1517179830889" stop="1517179830897" status="passed">
                    <name>checkPageTitle[Index Page]</name>
                </step>
                <step start="1517179830898" stop="1517179833067" status="passed">
                    <name>login[epam, 1234]</name>
                </step>
                <step start="1517179833069" stop="1517179833414" status="passed">
                    <name>checkUserName[PITER CHAILOVSKII]</name>
                </step>
                <step start="1517179833416" stop="1517179835081" status="passed">
                    <name>openDatesPage[ChromeDriver: chrome on XP (37286fa56c1d77cc09d5b3da7b73b135)]</name>
                </step>
                <step start="1517179835084" stop="1517179835217" status="broken">
                    <name>setSliders[0, 100]</name>
                </step>
            </steps>
            <attachments/>
            <labels>
                <label name="testSuite" value="Default Suite"/>
                <label name="testGroup" value="AutoTestLK"/>
                <label name="testClass" value="hw4.SelenideTestCase2"/>
                <label name="testMethod" value="slidersTest"/>
                <label name="host" value="Елизавета-ПК"/>
                <label name="thread" value="10728@Елизавета-ПК.main(1)"/>
            </labels>
        </test-case>
    </test-cases>
    <labels>
        <label name="framework" value="TestNG"/>
        <label name="language" value="JAVA"/>
    </labels>
</ns2:test-suite>
