<?xml version="1.0" encoding="UTF-8" standalone="yes"?>
<ns2:test-suite start="1517518707202" stop="1517518734710" version="1.5.4" xmlns:ns2="urn:model.allure.qatools.yandex.ru">
    <name>Default Suite : AutoTestLK</name>
    <title>Default Suite : AutoTestLK</title>
    <test-cases>
        <test-case start="1517518707369" stop="1517518734710" status="broken">
            <name>loginTest</name>
            <failure>
                <message>RuntimeException: java.lang.AssertionError: Do action Click on Element failed. Can't get result. Reason: java.lang.AssertionError: Failed to do 'Get web element' action. Reason: java.lang.AssertionError: Do action Get web element failed. Can't get result. Reason: java.lang.AssertionError: Can't find Element 'Element 'Element' (MetalsColorsPage.Element; ; cssSelector='#metals-combobox li')' during 10 seconds</message>
                <stack-trace>java.lang.RuntimeException: java.lang.AssertionError: Do action Click on Element failed. Can't get result. Reason: java.lang.AssertionError: Failed to do 'Get web element' action. Reason: java.lang.AssertionError: Do action Get web element failed. Can't get result. Reason: java.lang.AssertionError: Can't find Element 'Element 'Element' (MetalsColorsPage.Element; ; cssSelector='#metals-combobox li')' during 10 seconds
	at com.epam.commons.Timer.wait(Timer.java:128)
	at com.epam.commons.Timer.alwaysDoneAction(Timer.java:90)
	at com.epam.jdi.uitests.web.selenium.elements.actions.ActionInvoker.doJAction(ActionInvoker.java:73)
	at com.epam.jdi.uitests.web.selenium.elements.actions.ActionInvoker.doJAction(ActionInvoker.java:69)
	at com.epam.jdi.uitests.web.selenium.elements.actions.ElementsActions.click(ElementsActions.java:80)
	at com.epam.jdi.uitests.web.selenium.elements.base.Clickable.click(Clickable.java:56)
	at com.epam.jdi.uitests.web.selenium.elements.complex.Dropdown.getOptionsAction(Dropdown.java:211)
	at com.epam.jdi.uitests.web.selenium.elements.complex.BaseSelector.getOptions(BaseSelector.java:226)
	at com.epam.jdi.uitests.core.interfaces.complex.ISelector.getValues(ISelector.java:106)
	at siteJDI.pages.MetalsColorsPage.fillDataMetalsColorsPage(MetalsColorsPage.java:52)
	at hw7.JDITest.loginTest(JDITest.java:29)
	at sun.reflect.NativeMethodAccessorImpl.invoke0(Native Method)
	at sun.reflect.NativeMethodAccessorImpl.invoke(NativeMethodAccessorImpl.java:62)
	at sun.reflect.DelegatingMethodAccessorImpl.invoke(DelegatingMethodAccessorImpl.java:43)
	at java.lang.reflect.Method.invoke(Method.java:497)
	at org.testng.internal.MethodInvocationHelper.invokeMethod(MethodInvocationHelper.java:124)
	at org.testng.internal.Invoker.invokeMethod(Invoker.java:571)
	at org.testng.internal.Invoker.invokeTestMethod(Invoker.java:707)
	at org.testng.internal.Invoker.invokeTestMethods(Invoker.java:979)
	at org.testng.internal.TestMethodWorker.invokeTestMethods(TestMethodWorker.java:125)
	at org.testng.internal.TestMethodWorker.run(TestMethodWorker.java:109)
	at org.testng.TestRunner.privateRun(TestRunner.java:648)
	at org.testng.TestRunner.run(TestRunner.java:505)
	at org.testng.SuiteRunner.runTest(SuiteRunner.java:455)
	at org.testng.SuiteRunner.runSequentially(SuiteRunner.java:450)
	at org.testng.SuiteRunner.privateRun(SuiteRunner.java:415)
	at org.testng.SuiteRunner.run(SuiteRunner.java:364)
	at org.testng.SuiteRunnerWorker.runSuite(SuiteRunnerWorker.java:52)
	at org.testng.SuiteRunnerWorker.run(SuiteRunnerWorker.java:84)
	at org.testng.TestNG.runSuitesSequentially(TestNG.java:1187)
	at org.testng.TestNG.runSuitesLocally(TestNG.java:1116)
	at org.testng.TestNG.runSuites(TestNG.java:1028)
	at org.testng.TestNG.run(TestNG.java:996)
	at org.testng.IDEARemoteTestNG.run(IDEARemoteTestNG.java:72)
	at org.testng.RemoteTestNGStarter.main(RemoteTestNGStarter.java:123)
Caused by: java.lang.AssertionError: Do action Click on Element failed. Can't get result. Reason: java.lang.AssertionError: Failed to do 'Get web element' action. Reason: java.lang.AssertionError: Do action Get web element failed. Can't get result. Reason: java.lang.AssertionError: Can't find Element 'Element 'Element' (MetalsColorsPage.Element; ; cssSelector='#metals-combobox li')' during 10 seconds
	at org.testng.Assert.fail(Assert.java:96)
	at com.epam.web.matcher.testng.Check$$Lambda$207/4505427.accept(Unknown Source)
	at com.epam.web.matcher.base.BaseMatcher.assertException(BaseMatcher.java:197)
	at com.epam.web.matcher.base.BaseMatcher.exception(BaseMatcher.java:185)
	at com.epam.jdi.uitests.web.selenium.elements.actions.ActionScenrios.lambda$null$1(ActionScenrios.java:54)
	at com.epam.jdi.uitests.web.selenium.elements.actions.ActionScenrios$$Lambda$47/10559998.invoke(Unknown Source)
	at com.epam.jdi.uitests.core.logger.JDILogger.lambda$logOff$0(JDILogger.java:34)
	at com.epam.jdi.uitests.core.logger.JDILogger$$Lambda$48/1950278.invoke(Unknown Source)
	at com.epam.jdi.uitests.core.logger.JDILogger.logOff(JDILogger.java:43)
	at com.epam.jdi.uitests.core.logger.JDILogger.logOff(JDILogger.java:34)
	at com.epam.jdi.uitests.web.selenium.elements.actions.ActionScenrios.lambda$static$2(ActionScenrios.java:47)
	at com.epam.jdi.uitests.web.selenium.elements.actions.ActionScenrios$$Lambda$38/27865764.invoke(Unknown Source)
	at com.epam.jdi.uitests.web.selenium.elements.actions.ActionScenrios.actionScenario(ActionScenrios.java:60)
	at com.epam.jdi.uitests.web.selenium.elements.actions.ActionInvoker.lambda$doJAction$0(ActionInvoker.java:75)
	at com.epam.jdi.uitests.web.selenium.elements.actions.ActionInvoker$$Lambda$45/24148101.invoke(Unknown Source)
	at com.epam.commons.Timer.lambda$alwaysDoneAction$1(Timer.java:91)
	at com.epam.commons.Timer$$Lambda$46/15488588.getAsBoolean(Unknown Source)
	at com.epam.commons.Timer.wait(Timer.java:123)
	... 34 more
</stack-trace>
            </failure>
            <steps>
                <step start="1517518719519" stop="1517518720279" status="passed">
                    <name>login</name>
                    <steps>
                        <step start="1517518719781" stop="1517518720279" status="passed">
                            <name>loginAs[User{name:epam;password:1234}]</name>
                            <steps>
                                <step start="1517518719782" stop="1517518720279" status="passed">
                                    <name>login[User{name:epam;password:1234}]</name>
                                </step>
                            </steps>
                        </step>
                    </steps>
                </step>
                <step start="1517518720288" stop="1517518720303" status="passed">
                    <name>check</name>
                </step>
                <step start="1517518720305" stop="1517518720314" status="passed">
                    <name>check</name>
                </step>
                <step start="1517518720315" stop="1517518720315" status="passed">
                    <name>Check that condition 'true' is True</name>
                </step>
                <step start="1517518721031" stop="1517518721071" status="passed">
                    <name>check</name>
                </step>
                <step start="1517518721072" stop="1517518721086" status="passed">
                    <name>check</name>
                </step>
                <step start="1517518721086" stop="1517518721086" status="passed">
                    <name>Check that condition 'true' is True</name>
                </step>
                <step start="1517518721088" stop="1517518734678" status="broken">
                    <name>fillDataMetalsColorsPage[THREE, EIGHT, WATER, FIRE, RED, SELEN, [CUCUMBER, TOMATO]]</name>
                </step>
            </steps>
            <attachments/>
            <labels>
                <label name="testSuite" value="Default Suite"/>
                <label name="testGroup" value="AutoTestLK"/>
                <label name="testClass" value="hw7.JDITest"/>
                <label name="testMethod" value="loginTest"/>
                <label name="host" value="Елизавета-ПК"/>
                <label name="thread" value="4536@Елизавета-ПК.main(1)"/>
            </labels>
        </test-case>
    </test-cases>
    <labels>
        <label name="framework" value="TestNG"/>
        <label name="language" value="JAVA"/>
    </labels>
</ns2:test-suite>
